Flow report for ALU_CONTROLLER
Fri Dec 24 14:00:28 2021
Quartus Prime Version 20.1.0 Build 711 06/05/2020 SJ Lite Edition


---------------------
; Table of Contents ;
---------------------
  1. Legal Notice
  2. Flow Summary
  3. Flow Settings
  4. Flow Non-Default Global Settings
  5. Flow Elapsed Time
  6. Flow OS Summary
  7. Flow Log
  8. Flow Messages
  9. Flow Suppressed Messages



----------------
; Legal Notice ;
----------------
Copyright (C) 2020  Intel Corporation. All rights reserved.
Your use of Intel Corporation's design tools, logic functions 
and other software and tools, and any partner logic 
functions, and any output files from any of the foregoing 
(including device programming or simulation files), and any 
associated documentation or information are expressly subject 
to the terms and conditions of the Intel Program License 
Subscription Agreement, the Intel Quartus Prime License Agreement,
the Intel FPGA IP License Agreement, or other applicable license
agreement, including, without limitation, that your use is for
the sole purpose of programming logic devices manufactured by
Intel and sold by Intel or its authorized distributors.  Please
refer to the applicable agreement for further details, at
https://fpgasoftware.intel.com/eula.



+-------------------------------------------------------------------------------+
; Flow Summary                                                                  ;
+---------------------------------+---------------------------------------------+
; Flow Status                     ; Successful - Fri Dec 24 14:00:28 2021       ;
; Quartus Prime Version           ; 20.1.0 Build 711 06/05/2020 SJ Lite Edition ;
; Revision Name                   ; ALU_CONTROLLER                              ;
; Top-level Entity Name           ; DATA_FLOW                                   ;
; Family                          ; Cyclone V                                   ;
; Device                          ; 5CEBA4F17C6                                 ;
; Timing Models                   ; Final                                       ;
; Logic utilization (in ALMs)     ; 79 / 18,480 ( < 1 % )                       ;
; Total registers                 ; 29                                          ;
; Total pins                      ; 62 / 128 ( 48 % )                           ;
; Total virtual pins              ; 0                                           ;
; Total block memory bits         ; 0 / 3,153,920 ( 0 % )                       ;
; Total DSP Blocks                ; 1 / 66 ( 2 % )                              ;
; Total HSSI RX PCSs              ; 0                                           ;
; Total HSSI PMA RX Deserializers ; 0                                           ;
; Total HSSI TX PCSs              ; 0                                           ;
; Total HSSI PMA TX Serializers   ; 0                                           ;
; Total PLLs                      ; 0 / 4 ( 0 % )                               ;
; Total DLLs                      ; 0 / 4 ( 0 % )                               ;
+---------------------------------+---------------------------------------------+


+-----------------------------------------+
; Flow Settings                           ;
+-------------------+---------------------+
; Option            ; Setting             ;
+-------------------+---------------------+
; Start date & time ; 12/24/2021 13:50:12 ;
; Main task         ; Compilation         ;
; Revision Name     ; ALU_CONTROLLER      ;
+-------------------+---------------------+


+------------------------------------------------------------------------------------------------------------------------------+
; Flow Non-Default Global Settings                                                                                             ;
+-------------------------------------+----------------------------------------+----------------+-------------+----------------+
; Assignment Name                     ; Value                                  ; Default Value  ; Entity Name ; Section Id     ;
+-------------------------------------+----------------------------------------+----------------+-------------+----------------+
; COMPILER_SIGNATURE_ID               ; 154027290754788.164038261223652        ; --             ; --          ; --             ;
; EDA_OUTPUT_DATA_FORMAT              ; Verilog Hdl                            ; --             ; --          ; eda_simulation ;
; EDA_SIMULATION_TOOL                 ; ModelSim (Verilog)                     ; <None>         ; --          ; --             ;
; EDA_TIME_SCALE                      ; 1 ps                                   ; --             ; --          ; eda_simulation ;
; MAX_CORE_JUNCTION_TEMP              ; 85                                     ; --             ; --          ; --             ;
; MIN_CORE_JUNCTION_TEMP              ; 0                                      ; --             ; --          ; --             ;
; PARTITION_COLOR                     ; -- (Not supported for targeted family) ; --             ; DATA_FLOW   ; Top            ;
; PARTITION_FITTER_PRESERVATION_LEVEL ; -- (Not supported for targeted family) ; --             ; DATA_FLOW   ; Top            ;
; PARTITION_NETLIST_TYPE              ; -- (Not supported for targeted family) ; --             ; DATA_FLOW   ; Top            ;
; POWER_BOARD_THERMAL_MODEL           ; None (CONSERVATIVE)                    ; --             ; --          ; --             ;
; POWER_PRESET_COOLING_SOLUTION       ; 23 MM HEAT SINK WITH 200 LFPM AIRFLOW  ; --             ; --          ; --             ;
; PROJECT_OUTPUT_DIRECTORY            ; output_files                           ; --             ; --          ; --             ;
; TOP_LEVEL_ENTITY                    ; DATA_FLOW                              ; ALU_CONTROLLER ; --          ; --             ;
+-------------------------------------+----------------------------------------+----------------+-------------+----------------+


+--------------------------------------------------------------------------------------------------------------------------+
; Flow Elapsed Time                                                                                                        ;
+----------------------+--------------+-------------------------+---------------------+------------------------------------+
; Module Name          ; Elapsed Time ; Average Processors Used ; Peak Virtual Memory ; Total CPU Time (on all processors) ;
+----------------------+--------------+-------------------------+---------------------+------------------------------------+
; Analysis & Synthesis ; 00:00:09     ; 1.0                     ; 4883 MB             ; 00:00:22                           ;
; Fitter               ; 00:00:28     ; 1.0                     ; 6261 MB             ; 00:00:58                           ;
; Assembler            ; 00:00:04     ; 1.0                     ; 4826 MB             ; 00:00:04                           ;
; Timing Analyzer      ; 00:00:05     ; 1.1                     ; 5072 MB             ; 00:00:06                           ;
; EDA Netlist Writer   ; 00:00:01     ; 1.0                     ; 4715 MB             ; 00:00:01                           ;
; EDA Netlist Writer   ; 00:00:01     ; 1.0                     ; 4707 MB             ; 00:00:01                           ;
; EDA Netlist Writer   ; 00:00:01     ; 1.0                     ; 4716 MB             ; 00:00:01                           ;
; EDA Netlist Writer   ; 00:00:01     ; 1.0                     ; 4707 MB             ; 00:00:01                           ;
; EDA Netlist Writer   ; 00:00:01     ; 1.0                     ; 4716 MB             ; 00:00:01                           ;
; Total                ; 00:00:51     ; --                      ; --                  ; 00:01:35                           ;
+----------------------+--------------+-------------------------+---------------------+------------------------------------+


+------------------------------------------------------------------------------------+
; Flow OS Summary                                                                    ;
+----------------------+------------------+------------+------------+----------------+
; Module Name          ; Machine Hostname ; OS Name    ; OS Version ; Processor type ;
+----------------------+------------------+------------+------------+----------------+
; Analysis & Synthesis ; PC               ; Windows 10 ; 10.0       ; x86_64         ;
; Fitter               ; PC               ; Windows 10 ; 10.0       ; x86_64         ;
; Assembler            ; PC               ; Windows 10 ; 10.0       ; x86_64         ;
; Timing Analyzer      ; PC               ; Windows 10 ; 10.0       ; x86_64         ;
; EDA Netlist Writer   ; PC               ; Windows 10 ; 10.0       ; x86_64         ;
; EDA Netlist Writer   ; PC               ; Windows 10 ; 10.0       ; x86_64         ;
; EDA Netlist Writer   ; PC               ; Windows 10 ; 10.0       ; x86_64         ;
; EDA Netlist Writer   ; PC               ; Windows 10 ; 10.0       ; x86_64         ;
; EDA Netlist Writer   ; PC               ; Windows 10 ; 10.0       ; x86_64         ;
+----------------------+------------------+------------+------------+----------------+


------------
; Flow Log ;
------------
quartus_map --read_settings_files=on --write_settings_files=off ALU_CONTROLLER -c ALU_CONTROLLER
quartus_fit --read_settings_files=off --write_settings_files=off ALU_CONTROLLER -c ALU_CONTROLLER
quartus_asm --read_settings_files=off --write_settings_files=off ALU_CONTROLLER -c ALU_CONTROLLER
quartus_sta ALU_CONTROLLER -c ALU_CONTROLLER
quartus_eda --read_settings_files=off --write_settings_files=off ALU_CONTROLLER -c ALU_CONTROLLER
quartus_eda --gen_testbench --tool=modelsim_oem --format=vhdl --write_settings_files=off ALU_CONTROLLER -c ALU_CONTROLLER --vector_source=C:/Users/Joel/Projects/Continued-Learning/Embedded-Electronics-Bootcamp/ALU_CONTROLLER/DATA_FLOW.vwf --testbench_file=C:/Users/Joel/Projects/Continued-Learning/Embedded-Electronics-Bootcamp/ALU_CONTROLLER/simulation/qsim/DATA_FLOW.vwf.vht
quartus_eda --write_settings_files=off --simulation=on --functional=on --flatten_buses=off --tool=modelsim_oem --format=vhdl --output_directory=C:/Users/Joel/Projects/Continued-Learning/Embedded-Electronics-Bootcamp/ALU_CONTROLLER/simulation/qsim/ ALU_CONTROLLER -c ALU_CONTROLLER
quartus_eda --gen_testbench --tool=modelsim_oem --format=vhdl --write_settings_files=off ALU_CONTROLLER -c ALU_CONTROLLER --vector_source=C:/Users/Joel/Projects/Continued-Learning/Embedded-Electronics-Bootcamp/ALU_CONTROLLER/DATA_FLOW.vwf --testbench_file=C:/Users/Joel/Projects/Continued-Learning/Embedded-Electronics-Bootcamp/ALU_CONTROLLER/simulation/qsim/DATA_FLOW.vwf.vht
quartus_eda --write_settings_files=off --simulation=on --functional=on --flatten_buses=off --tool=modelsim_oem --format=vhdl --output_directory=C:/Users/Joel/Projects/Continued-Learning/Embedded-Electronics-Bootcamp/ALU_CONTROLLER/simulation/qsim/ ALU_CONTROLLER -c ALU_CONTROLLER



